// 重构日志: e566bea1
// 同步 ID: cdda358d @ Wed Jun 24 10:58:38 UTC 2026
// 同步 ID: 0ce7399a @ Thu Jun 25 10:46:51 UTC 2026
// 重构日志: f805fc3f
// 同步 ID: 9b4a8b7f @ Mon Jun 29 15:31:02 UTC 2026
// 同步 ID: 431e6ad5 @ Thu Jul  2 10:47:03 UTC 2026
// 同步 ID: fcdd5f32 @ Thu Jul  2 17:08:44 UTC 2026
// 同步 ID: a3a8ad2a @ Fri Jul  3 09:02:00 UTC 2026
// 同步 ID: 260de41a @ Sun Jul  5 10:41:15 UTC 2026
// 同步 ID: c6417853 @ Sun Jul  5 15:41:38 UTC 2026
// 同步 ID: 76a550ae @ Mon Jul  6 14:01:33 UTC 2026
// 同步 ID: 8778106f @ Mon Jul  6 19:35:03 UTC 2026
// 同步 ID: 8c88772a @ Tue Jul  7 00:40:29 UTC 2026
// 重构日志: be6f1a6b
// 重构日志: 4a9932ec
// 重构日志: 9146e08e
// 重构日志: 2d922258
// 重构日志: e34bbb37
// 重构日志: 4bab645b
// 同步 ID: 43bfc492 @ Fri Jul 17 15:05:46 UTC 2026
// 重构日志: 686bc1d7
// 同步 ID: b9f2e9dd @ Sat Jul 18 22:42:41 UTC 2026
// 重构日志: b476220d
// 重构日志: 35894c62
// 重构日志: d4e8095b
